c:\users\will1\documents\visual studio 2015\projects\chamber measurement tool\chamber measurement tool\debug\vc140.pdb
c:\users\will1\documents\visual studio 2015\projects\chamber measurement tool\chamber measurement tool\debug\vc140.idb
c:\users\will1\documents\visual studio 2015\projects\chamber measurement tool\chamber measurement tool\debug\main.obj
c:\users\will1\development\source\c++\chamber measurement tool\chamber measurement tool\debug\vc140.pdb
c:\users\will1\development\source\c++\chamber measurement tool\chamber measurement tool\debug\vc140.idb
c:\users\will1\development\source\c++\chamber measurement tool\chamber measurement tool\debug\analyserobj.obj
c:\users\will1\development\source\c++\chamber measurement tool\chamber measurement tool\debug\main.obj
c:\users\will1\development\source\c++\chamber measurement tool\debug\chamber measurement tool.pdb
c:\users\will1\development\source\c++\chamber measurement tool\chamber measurement tool\debug\chamber .91a5d8a8.tlog\cl.command.1.tlog
c:\users\will1\development\source\c++\chamber measurement tool\chamber measurement tool\debug\chamber .91a5d8a8.tlog\cl.read.1.tlog
c:\users\will1\development\source\c++\chamber measurement tool\chamber measurement tool\debug\chamber .91a5d8a8.tlog\cl.write.1.tlog
c:\users\will1\development\source\c++\chamber measurement tool\chamber measurement tool\debug\chamber .91a5d8a8.tlog\link-cvtres.read.1.tlog
c:\users\will1\development\source\c++\chamber measurement tool\chamber measurement tool\debug\chamber .91a5d8a8.tlog\link-cvtres.write.1.tlog
c:\users\will1\development\source\c++\chamber measurement tool\chamber measurement tool\debug\chamber .91a5d8a8.tlog\link-rc.read.1.tlog
c:\users\will1\development\source\c++\chamber measurement tool\chamber measurement tool\debug\chamber .91a5d8a8.tlog\link-rc.write.1.tlog
c:\users\will1\development\source\c++\chamber measurement tool\chamber measurement tool\debug\chamber .91a5d8a8.tlog\link.18296-cvtres.read.1.tlog
c:\users\will1\development\source\c++\chamber measurement tool\chamber measurement tool\debug\chamber .91a5d8a8.tlog\link.18296-cvtres.write.1.tlog
c:\users\will1\development\source\c++\chamber measurement tool\chamber measurement tool\debug\chamber .91a5d8a8.tlog\link.18296-rc.read.1.tlog
c:\users\will1\development\source\c++\chamber measurement tool\chamber measurement tool\debug\chamber .91a5d8a8.tlog\link.18296-rc.write.1.tlog
c:\users\will1\development\source\c++\chamber measurement tool\chamber measurement tool\debug\chamber .91a5d8a8.tlog\link.18296.read.1.tlog
c:\users\will1\development\source\c++\chamber measurement tool\chamber measurement tool\debug\chamber .91a5d8a8.tlog\link.18296.write.1.tlog
c:\users\will1\development\source\c++\chamber measurement tool\chamber measurement tool\debug\chamber .91a5d8a8.tlog\link.command.1.tlog
c:\users\will1\development\source\c++\chamber measurement tool\chamber measurement tool\debug\chamber .91a5d8a8.tlog\link.read.1.tlog
c:\users\will1\development\source\c++\chamber measurement tool\chamber measurement tool\debug\chamber .91a5d8a8.tlog\link.write.1.tlog
